{"uid":"e2e8efdd92a6c61a","name":"test_tags","fullName":"test_conduit_vizsgaremek.test_conduit_vizsgaremek.TestConduit#test_tags","historyId":"7b0b163c87c9b821a4b871d5cbfe2b88","time":{"start":1680184364435,"stop":1680184369764,"duration":5329},"status":"broken","statusMessage":"selenium.common.exceptions.TimeoutException: Message: \nStacktrace:\n#0 0x56550b6c8243 <unknown>\n#1 0x56550b48c7a6 <unknown>\n#2 0x56550b4c964d <unknown>\n#3 0x56550b4c9761 <unknown>\n#4 0x56550b504da4 <unknown>\n#5 0x56550b4ea0ad <unknown>\n#6 0x56550b502932 <unknown>\n#7 0x56550b4e9e53 <unknown>\n#8 0x56550b4bc9ea <unknown>\n#9 0x56550b4bdb2e <unknown>\n#10 0x56550b71cd5e <unknown>\n#11 0x56550b720a80 <unknown>\n#12 0x56550b7028b0 <unknown>\n#13 0x56550b721b63 <unknown>\n#14 0x56550b6f3f75 <unknown>\n#15 0x56550b744998 <unknown>\n#16 0x56550b744b27 <unknown>\n#17 0x56550b75fc23 <unknown>\n#18 0x7fb575f89b43 <unknown>","statusTrace":"self = <test_conduit_vizsgaremek.TestConduit object at 0x7efd755e0eb0>\n\n    def test_tags(self):\n        login(self.browser, user[\"email\"], user[\"password\"])\n    \n>       dolor_tag = WebDriverWait(self.browser, 5).until(EC.presence_of_element_located((By.XPATH, '//div[@class=\"sidebar\"]/div[@class=\"tag-list\"]/a[@href=\"#/tag/dolor\"]')))\n\ntest_conduit_vizsgaremek/test_conduit_vizsgaremek.py:174: \n_ _ _ _ _ _ _ _ _ _ _ _ _ _ _ _ _ _ _ _ _ _ _ _ _ _ _ _ _ _ _ _ _ _ _ _ _ _ _ _ \n\nself = <selenium.webdriver.support.wait.WebDriverWait (session=\"f7a466c95dbb86702f2f65108eaa7ef4\")>\nmethod = <function presence_of_element_located.<locals>._predicate at 0x7efd75584160>\nmessage = ''\n\n    def until(self, method, message: str = \"\"):\n        \"\"\"Calls the method provided with the driver as an argument until the \\\n        return value does not evaluate to ``False``.\n    \n        :param method: callable(WebDriver)\n        :param message: optional message for :exc:`TimeoutException`\n        :returns: the result of the last call to `method`\n        :raises: :exc:`selenium.common.exceptions.TimeoutException` if timeout occurs\n        \"\"\"\n        screen = None\n        stacktrace = None\n    \n        end_time = time.monotonic() + self._timeout\n        while True:\n            try:\n                value = method(self._driver)\n                if value:\n                    return value\n            except self._ignored_exceptions as exc:\n                screen = getattr(exc, \"screen\", None)\n                stacktrace = getattr(exc, \"stacktrace\", None)\n            time.sleep(self._poll)\n            if time.monotonic() > end_time:\n                break\n>       raise TimeoutException(message, screen, stacktrace)\nE       selenium.common.exceptions.TimeoutException: Message: \nE       Stacktrace:\nE       #0 0x56550b6c8243 <unknown>\nE       #1 0x56550b48c7a6 <unknown>\nE       #2 0x56550b4c964d <unknown>\nE       #3 0x56550b4c9761 <unknown>\nE       #4 0x56550b504da4 <unknown>\nE       #5 0x56550b4ea0ad <unknown>\nE       #6 0x56550b502932 <unknown>\nE       #7 0x56550b4e9e53 <unknown>\nE       #8 0x56550b4bc9ea <unknown>\nE       #9 0x56550b4bdb2e <unknown>\nE       #10 0x56550b71cd5e <unknown>\nE       #11 0x56550b720a80 <unknown>\nE       #12 0x56550b7028b0 <unknown>\nE       #13 0x56550b721b63 <unknown>\nE       #14 0x56550b6f3f75 <unknown>\nE       #15 0x56550b744998 <unknown>\nE       #16 0x56550b744b27 <unknown>\nE       #17 0x56550b75fc23 <unknown>\nE       #18 0x7fb575f89b43 <unknown>\n\n/opt/hostedtoolcache/Python/3.10.10/x64/lib/python3.10/site-packages/selenium/webdriver/support/wait.py:95: TimeoutException","flaky":false,"newFailed":false,"newBroken":false,"newPassed":false,"retriesCount":0,"retriesStatusChange":false,"beforeStages":[{"name":"_xunit_setup_method_fixture_TestConduit","time":{"start":1680184363133,"stop":1680184364435,"duration":1302},"status":"passed","steps":[],"attachments":[],"parameters":[],"stepsCount":0,"attachmentsCount":0,"shouldDisplayMessage":false,"hasContent":false}],"afterStages":[{"name":"_xunit_setup_method_fixture_TestConduit::0","time":{"start":1680184369774,"stop":1680184369830,"duration":56},"status":"passed","steps":[],"attachments":[],"parameters":[],"stepsCount":0,"attachmentsCount":0,"shouldDisplayMessage":false,"hasContent":false}],"labels":[{"name":"parentSuite","value":"test_conduit_vizsgaremek"},{"name":"suite","value":"test_conduit_vizsgaremek"},{"name":"subSuite","value":"TestConduit"},{"name":"host","value":"fv-az570-410"},{"name":"thread","value":"3096-MainThread"},{"name":"framework","value":"pytest"},{"name":"language","value":"cpython3"},{"name":"package","value":"test_conduit_vizsgaremek.test_conduit_vizsgaremek"},{"name":"resultFormat","value":"allure2"}],"parameters":[],"links":[],"hidden":false,"retry":false,"extra":{"severity":"normal","retries":[],"categories":[{"name":"Test defects","matchedStatuses":[],"flaky":false}],"tags":[]},"source":"e2e8efdd92a6c61a.json","parameterValues":[]}