{"uid":"3c28304336110203","name":"test_article_create2","fullName":"test_conduit_vizsgaremek.test_conduit_vizsgaremek.TestConduit#test_article_create2","historyId":"7cadd8580d864e2947dd7cccffbf69a7","time":{"start":1680593967245,"stop":1680593977713,"duration":10468},"status":"broken","statusMessage":"selenium.common.exceptions.TimeoutException: Message: \nStacktrace:\n#0 0x5637e58dd243 <unknown>\n#1 0x5637e56a17a6 <unknown>\n#2 0x5637e56de64d <unknown>\n#3 0x5637e56de761 <unknown>\n#4 0x5637e5719da4 <unknown>\n#5 0x5637e56ff0ad <unknown>\n#6 0x5637e5717932 <unknown>\n#7 0x5637e56fee53 <unknown>\n#8 0x5637e56d19ea <unknown>\n#9 0x5637e56d2b2e <unknown>\n#10 0x5637e5931d5e <unknown>\n#11 0x5637e5935a80 <unknown>\n#12 0x5637e59178b0 <unknown>\n#13 0x5637e5936b63 <unknown>\n#14 0x5637e5908f75 <unknown>\n#15 0x5637e5959998 <unknown>\n#16 0x5637e5959b27 <unknown>\n#17 0x5637e5974c23 <unknown>\n#18 0x7f45469dbb43 <unknown>","statusTrace":"self = <test_conduit_vizsgaremek.TestConduit object at 0x7fe981d9f8e0>\n\n    def test_article_create2(self):\n        login(self.browser, user[\"email\"], user[\"password\"])\n    \n>       new_article_link = WebDriverWait(self.browser, 10).until(EC.presence_of_element_located((By.XPATH, '//a[@href=\"#/editor\"]')))\n\ntest_conduit_vizsgaremek/test_conduit_vizsgaremek.py:205: \n_ _ _ _ _ _ _ _ _ _ _ _ _ _ _ _ _ _ _ _ _ _ _ _ _ _ _ _ _ _ _ _ _ _ _ _ _ _ _ _ \n\nself = <selenium.webdriver.support.wait.WebDriverWait (session=\"c1907f581a8ff7106308232ae918a162\")>\nmethod = <function presence_of_element_located.<locals>._predicate at 0x7fe982482dd0>\nmessage = ''\n\n    def until(self, method, message: str = \"\"):\n        \"\"\"Calls the method provided with the driver as an argument until the \\\n        return value does not evaluate to ``False``.\n    \n        :param method: callable(WebDriver)\n        :param message: optional message for :exc:`TimeoutException`\n        :returns: the result of the last call to `method`\n        :raises: :exc:`selenium.common.exceptions.TimeoutException` if timeout occurs\n        \"\"\"\n        screen = None\n        stacktrace = None\n    \n        end_time = time.monotonic() + self._timeout\n        while True:\n            try:\n                value = method(self._driver)\n                if value:\n                    return value\n            except self._ignored_exceptions as exc:\n                screen = getattr(exc, \"screen\", None)\n                stacktrace = getattr(exc, \"stacktrace\", None)\n            time.sleep(self._poll)\n            if time.monotonic() > end_time:\n                break\n>       raise TimeoutException(message, screen, stacktrace)\nE       selenium.common.exceptions.TimeoutException: Message: \nE       Stacktrace:\nE       #0 0x5637e58dd243 <unknown>\nE       #1 0x5637e56a17a6 <unknown>\nE       #2 0x5637e56de64d <unknown>\nE       #3 0x5637e56de761 <unknown>\nE       #4 0x5637e5719da4 <unknown>\nE       #5 0x5637e56ff0ad <unknown>\nE       #6 0x5637e5717932 <unknown>\nE       #7 0x5637e56fee53 <unknown>\nE       #8 0x5637e56d19ea <unknown>\nE       #9 0x5637e56d2b2e <unknown>\nE       #10 0x5637e5931d5e <unknown>\nE       #11 0x5637e5935a80 <unknown>\nE       #12 0x5637e59178b0 <unknown>\nE       #13 0x5637e5936b63 <unknown>\nE       #14 0x5637e5908f75 <unknown>\nE       #15 0x5637e5959998 <unknown>\nE       #16 0x5637e5959b27 <unknown>\nE       #17 0x5637e5974c23 <unknown>\nE       #18 0x7f45469dbb43 <unknown>\n\n/opt/hostedtoolcache/Python/3.10.10/x64/lib/python3.10/site-packages/selenium/webdriver/support/wait.py:95: TimeoutException","flaky":false,"newFailed":false,"newBroken":false,"newPassed":false,"retriesCount":0,"retriesStatusChange":false,"beforeStages":[{"name":"_xunit_setup_method_fixture_TestConduit","time":{"start":1680593966117,"stop":1680593967245,"duration":1128},"status":"passed","steps":[],"attachments":[],"parameters":[],"stepsCount":0,"attachmentsCount":0,"shouldDisplayMessage":false,"hasContent":false}],"afterStages":[{"name":"_xunit_setup_method_fixture_TestConduit::0","time":{"start":1680593977724,"stop":1680593977781,"duration":57},"status":"passed","steps":[],"attachments":[],"parameters":[],"stepsCount":0,"attachmentsCount":0,"shouldDisplayMessage":false,"hasContent":false}],"labels":[{"name":"parentSuite","value":"test_conduit_vizsgaremek"},{"name":"suite","value":"test_conduit_vizsgaremek"},{"name":"subSuite","value":"TestConduit"},{"name":"host","value":"fv-az563-458"},{"name":"thread","value":"3048-MainThread"},{"name":"framework","value":"pytest"},{"name":"language","value":"cpython3"},{"name":"package","value":"test_conduit_vizsgaremek.test_conduit_vizsgaremek"},{"name":"resultFormat","value":"allure2"}],"parameters":[],"links":[],"hidden":false,"retry":false,"extra":{"severity":"normal","retries":[],"categories":[{"name":"Test defects","matchedStatuses":[],"flaky":false}],"tags":[]},"source":"3c28304336110203.json","parameterValues":[]}