{"uid":"8139ea1d371012de","name":"test_tags","fullName":"test_conduit_vizsgaremek.test_conduit_vizsgaremek.TestConduit#test_tags","historyId":"7b0b163c87c9b821a4b871d5cbfe2b88","time":{"start":1680184270098,"stop":1680184275449,"duration":5351},"status":"broken","statusMessage":"selenium.common.exceptions.TimeoutException: Message: \nStacktrace:\n#0 0x55a5639fb243 <unknown>\n#1 0x55a5637bf7a6 <unknown>\n#2 0x55a5637fc64d <unknown>\n#3 0x55a5637fc761 <unknown>\n#4 0x55a563837da4 <unknown>\n#5 0x55a56381d0ad <unknown>\n#6 0x55a563835932 <unknown>\n#7 0x55a56381ce53 <unknown>\n#8 0x55a5637ef9ea <unknown>\n#9 0x55a5637f0b2e <unknown>\n#10 0x55a563a4fd5e <unknown>\n#11 0x55a563a53a80 <unknown>\n#12 0x55a563a358b0 <unknown>\n#13 0x55a563a54b63 <unknown>\n#14 0x55a563a26f75 <unknown>\n#15 0x55a563a77998 <unknown>\n#16 0x55a563a77b27 <unknown>\n#17 0x55a563a92c23 <unknown>\n#18 0x7f866abfbb43 <unknown>","statusTrace":"self = <test_conduit_vizsgaremek.TestConduit object at 0x7f3f681a89d0>\n\n    def test_tags(self):\n        login(self.browser, user[\"email\"], user[\"password\"])\n    \n>       dolor_tag = WebDriverWait(self.browser, 5).until(EC.presence_of_element_located((By.XPATH, '//div[@class=\"sidebar\"]/div[@class=\"tag-list\"]/a[@href=\"#/tag/dolor\"]')))\n\ntest_conduit_vizsgaremek/test_conduit_vizsgaremek.py:174: \n_ _ _ _ _ _ _ _ _ _ _ _ _ _ _ _ _ _ _ _ _ _ _ _ _ _ _ _ _ _ _ _ _ _ _ _ _ _ _ _ \n\nself = <selenium.webdriver.support.wait.WebDriverWait (session=\"dd4a9e85584b8ddad859ec14937a9cc3\")>\nmethod = <function presence_of_element_located.<locals>._predicate at 0x7f3f680fc280>\nmessage = ''\n\n    def until(self, method, message: str = \"\"):\n        \"\"\"Calls the method provided with the driver as an argument until the \\\n        return value does not evaluate to ``False``.\n    \n        :param method: callable(WebDriver)\n        :param message: optional message for :exc:`TimeoutException`\n        :returns: the result of the last call to `method`\n        :raises: :exc:`selenium.common.exceptions.TimeoutException` if timeout occurs\n        \"\"\"\n        screen = None\n        stacktrace = None\n    \n        end_time = time.monotonic() + self._timeout\n        while True:\n            try:\n                value = method(self._driver)\n                if value:\n                    return value\n            except self._ignored_exceptions as exc:\n                screen = getattr(exc, \"screen\", None)\n                stacktrace = getattr(exc, \"stacktrace\", None)\n            time.sleep(self._poll)\n            if time.monotonic() > end_time:\n                break\n>       raise TimeoutException(message, screen, stacktrace)\nE       selenium.common.exceptions.TimeoutException: Message: \nE       Stacktrace:\nE       #0 0x55a5639fb243 <unknown>\nE       #1 0x55a5637bf7a6 <unknown>\nE       #2 0x55a5637fc64d <unknown>\nE       #3 0x55a5637fc761 <unknown>\nE       #4 0x55a563837da4 <unknown>\nE       #5 0x55a56381d0ad <unknown>\nE       #6 0x55a563835932 <unknown>\nE       #7 0x55a56381ce53 <unknown>\nE       #8 0x55a5637ef9ea <unknown>\nE       #9 0x55a5637f0b2e <unknown>\nE       #10 0x55a563a4fd5e <unknown>\nE       #11 0x55a563a53a80 <unknown>\nE       #12 0x55a563a358b0 <unknown>\nE       #13 0x55a563a54b63 <unknown>\nE       #14 0x55a563a26f75 <unknown>\nE       #15 0x55a563a77998 <unknown>\nE       #16 0x55a563a77b27 <unknown>\nE       #17 0x55a563a92c23 <unknown>\nE       #18 0x7f866abfbb43 <unknown>\n\n/opt/hostedtoolcache/Python/3.10.10/x64/lib/python3.10/site-packages/selenium/webdriver/support/wait.py:95: TimeoutException","flaky":false,"newFailed":false,"newBroken":false,"newPassed":false,"retriesCount":0,"retriesStatusChange":false,"beforeStages":[{"name":"_xunit_setup_method_fixture_TestConduit","time":{"start":1680184268952,"stop":1680184270097,"duration":1145},"status":"passed","steps":[],"attachments":[],"parameters":[],"stepsCount":0,"attachmentsCount":0,"shouldDisplayMessage":false,"hasContent":false}],"afterStages":[{"name":"_xunit_setup_method_fixture_TestConduit::0","time":{"start":1680184275460,"stop":1680184275516,"duration":56},"status":"passed","steps":[],"attachments":[],"parameters":[],"stepsCount":0,"attachmentsCount":0,"shouldDisplayMessage":false,"hasContent":false}],"labels":[{"name":"parentSuite","value":"test_conduit_vizsgaremek"},{"name":"suite","value":"test_conduit_vizsgaremek"},{"name":"subSuite","value":"TestConduit"},{"name":"host","value":"fv-az362-643"},{"name":"thread","value":"3053-MainThread"},{"name":"framework","value":"pytest"},{"name":"language","value":"cpython3"},{"name":"package","value":"test_conduit_vizsgaremek.test_conduit_vizsgaremek"},{"name":"resultFormat","value":"allure2"}],"parameters":[],"links":[],"hidden":false,"retry":false,"extra":{"severity":"normal","retries":[],"categories":[{"name":"Test defects","matchedStatuses":[],"flaky":false}],"tags":[]},"source":"8139ea1d371012de.json","parameterValues":[]}