{"uid":"c3421ac59c205724","name":"test_article_create1","fullName":"test_conduit_vizsgaremek.test_conduit_vizsgaremek.TestConduit#test_article_create1","historyId":"c2a19226817ae2ba0db2c5c993138be5","time":{"start":1680592213754,"stop":1680592224223,"duration":10469},"status":"broken","statusMessage":"selenium.common.exceptions.TimeoutException: Message: \nStacktrace:\n#0 0x5572b36b3243 <unknown>\n#1 0x5572b34777a6 <unknown>\n#2 0x5572b34b464d <unknown>\n#3 0x5572b34b4761 <unknown>\n#4 0x5572b34efda4 <unknown>\n#5 0x5572b34d50ad <unknown>\n#6 0x5572b34ed932 <unknown>\n#7 0x5572b34d4e53 <unknown>\n#8 0x5572b34a79ea <unknown>\n#9 0x5572b34a8b2e <unknown>\n#10 0x5572b3707d5e <unknown>\n#11 0x5572b370ba80 <unknown>\n#12 0x5572b36ed8b0 <unknown>\n#13 0x5572b370cb63 <unknown>\n#14 0x5572b36def75 <unknown>\n#15 0x5572b372f998 <unknown>\n#16 0x5572b372fb27 <unknown>\n#17 0x5572b374ac23 <unknown>\n#18 0x7f1c0b20ab43 <unknown>","statusTrace":"self = <test_conduit_vizsgaremek.TestConduit object at 0x7f8849cc7be0>\n\n    def test_article_create1(self):\n        login(self.browser, user[\"email\"], user[\"password\"])\n    \n>       new_article_link = WebDriverWait(self.browser, 10).until(EC.presence_of_element_located((By.XPATH, '//a[@href=\"#/editor\"]')))\n\ntest_conduit_vizsgaremek/test_conduit_vizsgaremek.py:181: \n_ _ _ _ _ _ _ _ _ _ _ _ _ _ _ _ _ _ _ _ _ _ _ _ _ _ _ _ _ _ _ _ _ _ _ _ _ _ _ _ \n\nself = <selenium.webdriver.support.wait.WebDriverWait (session=\"5664623063c213d112d8d97c0ecf7479\")>\nmethod = <function presence_of_element_located.<locals>._predicate at 0x7f8849bd4280>\nmessage = ''\n\n    def until(self, method, message: str = \"\"):\n        \"\"\"Calls the method provided with the driver as an argument until the \\\n        return value does not evaluate to ``False``.\n    \n        :param method: callable(WebDriver)\n        :param message: optional message for :exc:`TimeoutException`\n        :returns: the result of the last call to `method`\n        :raises: :exc:`selenium.common.exceptions.TimeoutException` if timeout occurs\n        \"\"\"\n        screen = None\n        stacktrace = None\n    \n        end_time = time.monotonic() + self._timeout\n        while True:\n            try:\n                value = method(self._driver)\n                if value:\n                    return value\n            except self._ignored_exceptions as exc:\n                screen = getattr(exc, \"screen\", None)\n                stacktrace = getattr(exc, \"stacktrace\", None)\n            time.sleep(self._poll)\n            if time.monotonic() > end_time:\n                break\n>       raise TimeoutException(message, screen, stacktrace)\nE       selenium.common.exceptions.TimeoutException: Message: \nE       Stacktrace:\nE       #0 0x5572b36b3243 <unknown>\nE       #1 0x5572b34777a6 <unknown>\nE       #2 0x5572b34b464d <unknown>\nE       #3 0x5572b34b4761 <unknown>\nE       #4 0x5572b34efda4 <unknown>\nE       #5 0x5572b34d50ad <unknown>\nE       #6 0x5572b34ed932 <unknown>\nE       #7 0x5572b34d4e53 <unknown>\nE       #8 0x5572b34a79ea <unknown>\nE       #9 0x5572b34a8b2e <unknown>\nE       #10 0x5572b3707d5e <unknown>\nE       #11 0x5572b370ba80 <unknown>\nE       #12 0x5572b36ed8b0 <unknown>\nE       #13 0x5572b370cb63 <unknown>\nE       #14 0x5572b36def75 <unknown>\nE       #15 0x5572b372f998 <unknown>\nE       #16 0x5572b372fb27 <unknown>\nE       #17 0x5572b374ac23 <unknown>\nE       #18 0x7f1c0b20ab43 <unknown>\n\n/opt/hostedtoolcache/Python/3.10.10/x64/lib/python3.10/site-packages/selenium/webdriver/support/wait.py:95: TimeoutException","flaky":false,"newFailed":false,"newBroken":false,"newPassed":false,"retriesCount":0,"retriesStatusChange":false,"beforeStages":[{"name":"_xunit_setup_method_fixture_TestConduit","time":{"start":1680592212604,"stop":1680592213753,"duration":1149},"status":"passed","steps":[],"attachments":[],"parameters":[],"stepsCount":0,"attachmentsCount":0,"shouldDisplayMessage":false,"hasContent":false}],"afterStages":[{"name":"_xunit_setup_method_fixture_TestConduit::0","time":{"start":1680592224234,"stop":1680592224290,"duration":56},"status":"passed","steps":[],"attachments":[],"parameters":[],"stepsCount":0,"attachmentsCount":0,"shouldDisplayMessage":false,"hasContent":false}],"labels":[{"name":"parentSuite","value":"test_conduit_vizsgaremek"},{"name":"suite","value":"test_conduit_vizsgaremek"},{"name":"subSuite","value":"TestConduit"},{"name":"host","value":"fv-az573-948"},{"name":"thread","value":"3096-MainThread"},{"name":"framework","value":"pytest"},{"name":"language","value":"cpython3"},{"name":"package","value":"test_conduit_vizsgaremek.test_conduit_vizsgaremek"},{"name":"resultFormat","value":"allure2"}],"parameters":[],"links":[],"hidden":false,"retry":false,"extra":{"severity":"normal","retries":[],"categories":[{"name":"Test defects","matchedStatuses":[],"flaky":false}],"tags":[]},"source":"c3421ac59c205724.json","parameterValues":[]}