{"uid":"fb37e9097fa1f4cc","name":"test_article_create1","fullName":"test_conduit_vizsgaremek.test_conduit_vizsgaremek.TestConduit#test_article_create1","historyId":"c2a19226817ae2ba0db2c5c993138be5","time":{"start":1680593946988,"stop":1680593957595,"duration":10607},"status":"broken","statusMessage":"selenium.common.exceptions.TimeoutException: Message: \nStacktrace:\n#0 0x55f81c7d8243 <unknown>\n#1 0x55f81c59c7a6 <unknown>\n#2 0x55f81c5d964d <unknown>\n#3 0x55f81c5d9761 <unknown>\n#4 0x55f81c614da4 <unknown>\n#5 0x55f81c5fa0ad <unknown>\n#6 0x55f81c612932 <unknown>\n#7 0x55f81c5f9e53 <unknown>\n#8 0x55f81c5cc9ea <unknown>\n#9 0x55f81c5cdb2e <unknown>\n#10 0x55f81c82cd5e <unknown>\n#11 0x55f81c830a80 <unknown>\n#12 0x55f81c8128b0 <unknown>\n#13 0x55f81c831b63 <unknown>\n#14 0x55f81c803f75 <unknown>\n#15 0x55f81c854998 <unknown>\n#16 0x55f81c854b27 <unknown>\n#17 0x55f81c86fc23 <unknown>\n#18 0x7fc0310a0b43 <unknown>","statusTrace":"self = <test_conduit_vizsgaremek.TestConduit object at 0x7fb0ffb1ba30>\n\n    def test_article_create1(self):\n        login(self.browser, user[\"email\"], user[\"password\"])\n    \n>       new_article_link = WebDriverWait(self.browser, 10).until(EC.presence_of_element_located((By.XPATH, '//a[@href=\"#/editor\"]')))\n\ntest_conduit_vizsgaremek/test_conduit_vizsgaremek.py:181: \n_ _ _ _ _ _ _ _ _ _ _ _ _ _ _ _ _ _ _ _ _ _ _ _ _ _ _ _ _ _ _ _ _ _ _ _ _ _ _ _ \n\nself = <selenium.webdriver.support.wait.WebDriverWait (session=\"7333bce0110835fc0788961dee84f73b\")>\nmethod = <function presence_of_element_located.<locals>._predicate at 0x7fb0ffa38280>\nmessage = ''\n\n    def until(self, method, message: str = \"\"):\n        \"\"\"Calls the method provided with the driver as an argument until the \\\n        return value does not evaluate to ``False``.\n    \n        :param method: callable(WebDriver)\n        :param message: optional message for :exc:`TimeoutException`\n        :returns: the result of the last call to `method`\n        :raises: :exc:`selenium.common.exceptions.TimeoutException` if timeout occurs\n        \"\"\"\n        screen = None\n        stacktrace = None\n    \n        end_time = time.monotonic() + self._timeout\n        while True:\n            try:\n                value = method(self._driver)\n                if value:\n                    return value\n            except self._ignored_exceptions as exc:\n                screen = getattr(exc, \"screen\", None)\n                stacktrace = getattr(exc, \"stacktrace\", None)\n            time.sleep(self._poll)\n            if time.monotonic() > end_time:\n                break\n>       raise TimeoutException(message, screen, stacktrace)\nE       selenium.common.exceptions.TimeoutException: Message: \nE       Stacktrace:\nE       #0 0x55f81c7d8243 <unknown>\nE       #1 0x55f81c59c7a6 <unknown>\nE       #2 0x55f81c5d964d <unknown>\nE       #3 0x55f81c5d9761 <unknown>\nE       #4 0x55f81c614da4 <unknown>\nE       #5 0x55f81c5fa0ad <unknown>\nE       #6 0x55f81c612932 <unknown>\nE       #7 0x55f81c5f9e53 <unknown>\nE       #8 0x55f81c5cc9ea <unknown>\nE       #9 0x55f81c5cdb2e <unknown>\nE       #10 0x55f81c82cd5e <unknown>\nE       #11 0x55f81c830a80 <unknown>\nE       #12 0x55f81c8128b0 <unknown>\nE       #13 0x55f81c831b63 <unknown>\nE       #14 0x55f81c803f75 <unknown>\nE       #15 0x55f81c854998 <unknown>\nE       #16 0x55f81c854b27 <unknown>\nE       #17 0x55f81c86fc23 <unknown>\nE       #18 0x7fc0310a0b43 <unknown>\n\n/opt/hostedtoolcache/Python/3.10.10/x64/lib/python3.10/site-packages/selenium/webdriver/support/wait.py:95: TimeoutException","flaky":false,"newFailed":false,"newBroken":false,"newPassed":false,"retriesCount":0,"retriesStatusChange":false,"beforeStages":[{"name":"_xunit_setup_method_fixture_TestConduit","time":{"start":1680593945671,"stop":1680593946987,"duration":1316},"status":"passed","steps":[],"attachments":[],"parameters":[],"stepsCount":0,"attachmentsCount":0,"shouldDisplayMessage":false,"hasContent":false}],"afterStages":[{"name":"_xunit_setup_method_fixture_TestConduit::0","time":{"start":1680593957609,"stop":1680593957667,"duration":58},"status":"passed","steps":[],"attachments":[],"parameters":[],"stepsCount":0,"attachmentsCount":0,"shouldDisplayMessage":false,"hasContent":false}],"labels":[{"name":"parentSuite","value":"test_conduit_vizsgaremek"},{"name":"suite","value":"test_conduit_vizsgaremek"},{"name":"subSuite","value":"TestConduit"},{"name":"host","value":"fv-az349-693"},{"name":"thread","value":"3167-MainThread"},{"name":"framework","value":"pytest"},{"name":"language","value":"cpython3"},{"name":"package","value":"test_conduit_vizsgaremek.test_conduit_vizsgaremek"},{"name":"resultFormat","value":"allure2"}],"parameters":[],"links":[],"hidden":false,"retry":false,"extra":{"severity":"normal","retries":[],"categories":[{"name":"Test defects","matchedStatuses":[],"flaky":false}],"tags":[]},"source":"fb37e9097fa1f4cc.json","parameterValues":[]}