{"uid":"3b3bef67cc43952c","name":"test_comment_delete","fullName":"test_conduit_vizsgaremek.test_conduit_vizsgaremek.TestConduit#test_comment_delete","historyId":"362d674207c9a73fd8792c30f282921d","time":{"start":1680617258392,"stop":1680617268900,"duration":10508},"status":"broken","statusMessage":"selenium.common.exceptions.TimeoutException: Message: \nStacktrace:\n#0 0x5620ce9f6243 <unknown>\n#1 0x5620ce7ba7a6 <unknown>\n#2 0x5620ce7f764d <unknown>\n#3 0x5620ce7f7761 <unknown>\n#4 0x5620ce832da4 <unknown>\n#5 0x5620ce8180ad <unknown>\n#6 0x5620ce830932 <unknown>\n#7 0x5620ce817e53 <unknown>\n#8 0x5620ce7ea9ea <unknown>\n#9 0x5620ce7ebb2e <unknown>\n#10 0x5620cea4ad5e <unknown>\n#11 0x5620cea4ea80 <unknown>\n#12 0x5620cea308b0 <unknown>\n#13 0x5620cea4fb63 <unknown>\n#14 0x5620cea21f75 <unknown>\n#15 0x5620cea72998 <unknown>\n#16 0x5620cea72b27 <unknown>\n#17 0x5620cea8dc23 <unknown>\n#18 0x7fd96decbb43 <unknown>","statusTrace":"self = <test_conduit_vizsgaremek.TestConduit object at 0x7fd50fffff70>\n\n    def test_comment_delete(self):\n        login(self.browser)\n    \n>       user_article = WebDriverWait(self.browser, 5).until(EC.presence_of_element_located((By.XPATH, '//a[@class=\"preview-link\"][1]')))\n\ntest_conduit_vizsgaremek/test_conduit_vizsgaremek.py:289: \n_ _ _ _ _ _ _ _ _ _ _ _ _ _ _ _ _ _ _ _ _ _ _ _ _ _ _ _ _ _ _ _ _ _ _ _ _ _ _ _ \n\nself = <selenium.webdriver.support.wait.WebDriverWait (session=\"9301803b23927894111caf1861117c79\")>\nmethod = <function presence_of_element_located.<locals>._predicate at 0x7fd50ffa1ab0>\nmessage = ''\n\n    def until(self, method, message: str = \"\"):\n        \"\"\"Calls the method provided with the driver as an argument until the \\\n        return value does not evaluate to ``False``.\n    \n        :param method: callable(WebDriver)\n        :param message: optional message for :exc:`TimeoutException`\n        :returns: the result of the last call to `method`\n        :raises: :exc:`selenium.common.exceptions.TimeoutException` if timeout occurs\n        \"\"\"\n        screen = None\n        stacktrace = None\n    \n        end_time = time.monotonic() + self._timeout\n        while True:\n            try:\n                value = method(self._driver)\n                if value:\n                    return value\n            except self._ignored_exceptions as exc:\n                screen = getattr(exc, \"screen\", None)\n                stacktrace = getattr(exc, \"stacktrace\", None)\n            time.sleep(self._poll)\n            if time.monotonic() > end_time:\n                break\n>       raise TimeoutException(message, screen, stacktrace)\nE       selenium.common.exceptions.TimeoutException: Message: \nE       Stacktrace:\nE       #0 0x5620ce9f6243 <unknown>\nE       #1 0x5620ce7ba7a6 <unknown>\nE       #2 0x5620ce7f764d <unknown>\nE       #3 0x5620ce7f7761 <unknown>\nE       #4 0x5620ce832da4 <unknown>\nE       #5 0x5620ce8180ad <unknown>\nE       #6 0x5620ce830932 <unknown>\nE       #7 0x5620ce817e53 <unknown>\nE       #8 0x5620ce7ea9ea <unknown>\nE       #9 0x5620ce7ebb2e <unknown>\nE       #10 0x5620cea4ad5e <unknown>\nE       #11 0x5620cea4ea80 <unknown>\nE       #12 0x5620cea308b0 <unknown>\nE       #13 0x5620cea4fb63 <unknown>\nE       #14 0x5620cea21f75 <unknown>\nE       #15 0x5620cea72998 <unknown>\nE       #16 0x5620cea72b27 <unknown>\nE       #17 0x5620cea8dc23 <unknown>\nE       #18 0x7fd96decbb43 <unknown>\n\n/opt/hostedtoolcache/Python/3.10.10/x64/lib/python3.10/site-packages/selenium/webdriver/support/wait.py:95: TimeoutException","flaky":false,"newFailed":false,"newBroken":false,"newPassed":false,"retriesCount":0,"retriesStatusChange":false,"beforeStages":[{"name":"_xunit_setup_method_fixture_TestConduit","time":{"start":1680617256985,"stop":1680617258391,"duration":1406},"status":"passed","steps":[],"attachments":[],"parameters":[],"hasContent":false,"stepsCount":0,"attachmentsCount":0,"shouldDisplayMessage":false}],"afterStages":[{"name":"_xunit_setup_method_fixture_TestConduit::0","time":{"start":1680617268917,"stop":1680617269976,"duration":1059},"status":"passed","steps":[],"attachments":[],"parameters":[],"hasContent":false,"stepsCount":0,"attachmentsCount":0,"shouldDisplayMessage":false}],"labels":[{"name":"parentSuite","value":"test_conduit_vizsgaremek"},{"name":"suite","value":"test_conduit_vizsgaremek"},{"name":"subSuite","value":"TestConduit"},{"name":"host","value":"fv-az507-313"},{"name":"thread","value":"3047-MainThread"},{"name":"framework","value":"pytest"},{"name":"language","value":"cpython3"},{"name":"package","value":"test_conduit_vizsgaremek.test_conduit_vizsgaremek"},{"name":"resultFormat","value":"allure2"}],"parameters":[],"links":[],"hidden":false,"retry":false,"extra":{"severity":"normal","retries":[],"categories":[{"name":"Test defects","matchedStatuses":[],"flaky":false}],"tags":[]},"source":"3b3bef67cc43952c.json","parameterValues":[]}