{"uid":"887af5c064ae9f14","name":"test_tags","fullName":"test_conduit_vizsgaremek.test_conduit_vizsgaremek.TestConduit#test_tags","historyId":"7b0b163c87c9b821a4b871d5cbfe2b88","time":{"start":1680617213660,"stop":1680617224127,"duration":10467},"status":"broken","statusMessage":"selenium.common.exceptions.TimeoutException: Message: \nStacktrace:\n#0 0x564faac56243 <unknown>\n#1 0x564faaa1a7a6 <unknown>\n#2 0x564faaa5764d <unknown>\n#3 0x564faaa57761 <unknown>\n#4 0x564faaa92da4 <unknown>\n#5 0x564faaa780ad <unknown>\n#6 0x564faaa90932 <unknown>\n#7 0x564faaa77e53 <unknown>\n#8 0x564faaa4a9ea <unknown>\n#9 0x564faaa4bb2e <unknown>\n#10 0x564faacaad5e <unknown>\n#11 0x564faacaea80 <unknown>\n#12 0x564faac908b0 <unknown>\n#13 0x564faacafb63 <unknown>\n#14 0x564faac81f75 <unknown>\n#15 0x564faacd2998 <unknown>\n#16 0x564faacd2b27 <unknown>\n#17 0x564faacedc23 <unknown>\n#18 0x7f83f5466b43 <unknown>","statusTrace":"self = <test_conduit_vizsgaremek.TestConduit object at 0x7fd50ffff670>\n\n    def test_tags(self):\n        login(self.browser)\n    \n>       dolor_tag = WebDriverWait(self.browser, 5).until(EC.presence_of_element_located((By.XPATH, '//div[@class=\"sidebar\"]/div[@class=\"tag-list\"]/a[@href=\"#/tag/dolor\"]')))\n\ntest_conduit_vizsgaremek/test_conduit_vizsgaremek.py:206: \n_ _ _ _ _ _ _ _ _ _ _ _ _ _ _ _ _ _ _ _ _ _ _ _ _ _ _ _ _ _ _ _ _ _ _ _ _ _ _ _ \n\nself = <selenium.webdriver.support.wait.WebDriverWait (session=\"0f791ca4746398ef37f4868040d169da\")>\nmethod = <function presence_of_element_located.<locals>._predicate at 0x7fd50ffa17e0>\nmessage = ''\n\n    def until(self, method, message: str = \"\"):\n        \"\"\"Calls the method provided with the driver as an argument until the \\\n        return value does not evaluate to ``False``.\n    \n        :param method: callable(WebDriver)\n        :param message: optional message for :exc:`TimeoutException`\n        :returns: the result of the last call to `method`\n        :raises: :exc:`selenium.common.exceptions.TimeoutException` if timeout occurs\n        \"\"\"\n        screen = None\n        stacktrace = None\n    \n        end_time = time.monotonic() + self._timeout\n        while True:\n            try:\n                value = method(self._driver)\n                if value:\n                    return value\n            except self._ignored_exceptions as exc:\n                screen = getattr(exc, \"screen\", None)\n                stacktrace = getattr(exc, \"stacktrace\", None)\n            time.sleep(self._poll)\n            if time.monotonic() > end_time:\n                break\n>       raise TimeoutException(message, screen, stacktrace)\nE       selenium.common.exceptions.TimeoutException: Message: \nE       Stacktrace:\nE       #0 0x564faac56243 <unknown>\nE       #1 0x564faaa1a7a6 <unknown>\nE       #2 0x564faaa5764d <unknown>\nE       #3 0x564faaa57761 <unknown>\nE       #4 0x564faaa92da4 <unknown>\nE       #5 0x564faaa780ad <unknown>\nE       #6 0x564faaa90932 <unknown>\nE       #7 0x564faaa77e53 <unknown>\nE       #8 0x564faaa4a9ea <unknown>\nE       #9 0x564faaa4bb2e <unknown>\nE       #10 0x564faacaad5e <unknown>\nE       #11 0x564faacaea80 <unknown>\nE       #12 0x564faac908b0 <unknown>\nE       #13 0x564faacafb63 <unknown>\nE       #14 0x564faac81f75 <unknown>\nE       #15 0x564faacd2998 <unknown>\nE       #16 0x564faacd2b27 <unknown>\nE       #17 0x564faacedc23 <unknown>\nE       #18 0x7f83f5466b43 <unknown>\n\n/opt/hostedtoolcache/Python/3.10.10/x64/lib/python3.10/site-packages/selenium/webdriver/support/wait.py:95: TimeoutException","flaky":false,"newFailed":false,"newBroken":false,"newPassed":false,"retriesCount":0,"retriesStatusChange":false,"beforeStages":[{"name":"_xunit_setup_method_fixture_TestConduit","time":{"start":1680617212291,"stop":1680617213659,"duration":1368},"status":"passed","steps":[],"attachments":[],"parameters":[],"hasContent":false,"stepsCount":0,"attachmentsCount":0,"shouldDisplayMessage":false}],"afterStages":[{"name":"_xunit_setup_method_fixture_TestConduit::0","time":{"start":1680617224142,"stop":1680617224199,"duration":57},"status":"passed","steps":[],"attachments":[],"parameters":[],"hasContent":false,"stepsCount":0,"attachmentsCount":0,"shouldDisplayMessage":false}],"labels":[{"name":"parentSuite","value":"test_conduit_vizsgaremek"},{"name":"suite","value":"test_conduit_vizsgaremek"},{"name":"subSuite","value":"TestConduit"},{"name":"host","value":"fv-az507-313"},{"name":"thread","value":"3047-MainThread"},{"name":"framework","value":"pytest"},{"name":"language","value":"cpython3"},{"name":"package","value":"test_conduit_vizsgaremek.test_conduit_vizsgaremek"},{"name":"resultFormat","value":"allure2"}],"parameters":[],"links":[],"hidden":false,"retry":false,"extra":{"severity":"normal","retries":[],"categories":[{"name":"Test defects","matchedStatuses":[],"flaky":false}],"tags":[]},"source":"887af5c064ae9f14.json","parameterValues":[]}