{"uid":"5ccb9a58d2c06f08","name":"test_article_create1","fullName":"test_conduit_vizsgaremek.test_conduit_vizsgaremek.TestConduit#test_article_create1","historyId":"c2a19226817ae2ba0db2c5c993138be5","time":{"start":1680185666509,"stop":1680185671827,"duration":5318},"status":"broken","statusMessage":"selenium.common.exceptions.TimeoutException: Message: \nStacktrace:\n#0 0x55e71460e243 <unknown>\n#1 0x55e7143d27a6 <unknown>\n#2 0x55e71440f64d <unknown>\n#3 0x55e71440f761 <unknown>\n#4 0x55e71444ada4 <unknown>\n#5 0x55e7144300ad <unknown>\n#6 0x55e714448932 <unknown>\n#7 0x55e71442fe53 <unknown>\n#8 0x55e7144029ea <unknown>\n#9 0x55e714403b2e <unknown>\n#10 0x55e714662d5e <unknown>\n#11 0x55e714666a80 <unknown>\n#12 0x55e7146488b0 <unknown>\n#13 0x55e714667b63 <unknown>\n#14 0x55e714639f75 <unknown>\n#15 0x55e71468a998 <unknown>\n#16 0x55e71468ab27 <unknown>\n#17 0x55e7146a5c23 <unknown>\n#18 0x7f2a81327b43 <unknown>","statusTrace":"self = <test_conduit_vizsgaremek.TestConduit object at 0x7f72c8baba30>\n\n    def test_article_create1(self):\n        login(self.browser, user[\"email\"], user[\"password\"])\n    \n>       new_article_link = WebDriverWait(self.browser, 5).until(EC.presence_of_element_located((By.XPATH, '//a[@href=\"#/editor\"]')))\n\ntest_conduit_vizsgaremek/test_conduit_vizsgaremek.py:181: \n_ _ _ _ _ _ _ _ _ _ _ _ _ _ _ _ _ _ _ _ _ _ _ _ _ _ _ _ _ _ _ _ _ _ _ _ _ _ _ _ \n\nself = <selenium.webdriver.support.wait.WebDriverWait (session=\"fcb01b4813c15b3f7fe44793690f286d\")>\nmethod = <function presence_of_element_located.<locals>._predicate at 0x7f72c8ad7f40>\nmessage = ''\n\n    def until(self, method, message: str = \"\"):\n        \"\"\"Calls the method provided with the driver as an argument until the \\\n        return value does not evaluate to ``False``.\n    \n        :param method: callable(WebDriver)\n        :param message: optional message for :exc:`TimeoutException`\n        :returns: the result of the last call to `method`\n        :raises: :exc:`selenium.common.exceptions.TimeoutException` if timeout occurs\n        \"\"\"\n        screen = None\n        stacktrace = None\n    \n        end_time = time.monotonic() + self._timeout\n        while True:\n            try:\n                value = method(self._driver)\n                if value:\n                    return value\n            except self._ignored_exceptions as exc:\n                screen = getattr(exc, \"screen\", None)\n                stacktrace = getattr(exc, \"stacktrace\", None)\n            time.sleep(self._poll)\n            if time.monotonic() > end_time:\n                break\n>       raise TimeoutException(message, screen, stacktrace)\nE       selenium.common.exceptions.TimeoutException: Message: \nE       Stacktrace:\nE       #0 0x55e71460e243 <unknown>\nE       #1 0x55e7143d27a6 <unknown>\nE       #2 0x55e71440f64d <unknown>\nE       #3 0x55e71440f761 <unknown>\nE       #4 0x55e71444ada4 <unknown>\nE       #5 0x55e7144300ad <unknown>\nE       #6 0x55e714448932 <unknown>\nE       #7 0x55e71442fe53 <unknown>\nE       #8 0x55e7144029ea <unknown>\nE       #9 0x55e714403b2e <unknown>\nE       #10 0x55e714662d5e <unknown>\nE       #11 0x55e714666a80 <unknown>\nE       #12 0x55e7146488b0 <unknown>\nE       #13 0x55e714667b63 <unknown>\nE       #14 0x55e714639f75 <unknown>\nE       #15 0x55e71468a998 <unknown>\nE       #16 0x55e71468ab27 <unknown>\nE       #17 0x55e7146a5c23 <unknown>\nE       #18 0x7f2a81327b43 <unknown>\n\n/opt/hostedtoolcache/Python/3.10.10/x64/lib/python3.10/site-packages/selenium/webdriver/support/wait.py:95: TimeoutException","flaky":false,"newFailed":false,"newBroken":false,"newPassed":false,"retriesCount":0,"retriesStatusChange":false,"beforeStages":[{"name":"_xunit_setup_method_fixture_TestConduit","time":{"start":1680185665218,"stop":1680185666508,"duration":1290},"status":"passed","steps":[],"attachments":[],"parameters":[],"stepsCount":0,"attachmentsCount":0,"shouldDisplayMessage":false,"hasContent":false}],"afterStages":[{"name":"_xunit_setup_method_fixture_TestConduit::0","time":{"start":1680185671837,"stop":1680185671893,"duration":56},"status":"passed","steps":[],"attachments":[],"parameters":[],"stepsCount":0,"attachmentsCount":0,"shouldDisplayMessage":false,"hasContent":false}],"labels":[{"name":"parentSuite","value":"test_conduit_vizsgaremek"},{"name":"suite","value":"test_conduit_vizsgaremek"},{"name":"subSuite","value":"TestConduit"},{"name":"host","value":"fv-az587-780"},{"name":"thread","value":"3086-MainThread"},{"name":"framework","value":"pytest"},{"name":"language","value":"cpython3"},{"name":"package","value":"test_conduit_vizsgaremek.test_conduit_vizsgaremek"},{"name":"resultFormat","value":"allure2"}],"parameters":[],"links":[],"hidden":false,"retry":false,"extra":{"severity":"normal","retries":[],"categories":[{"name":"Test defects","matchedStatuses":[],"flaky":false}],"tags":[]},"source":"5ccb9a58d2c06f08.json","parameterValues":[]}