{"uid":"ebbca0767dbd7673","name":"test_log_out","fullName":"test_conduit_vizsgaremek.test_conduit_vizsgaremek.TestConduit#test_log_out","historyId":"0203983104a87b5044fd39884ad2a329","time":{"start":1680185713064,"stop":1680185718390,"duration":5326},"status":"broken","statusMessage":"selenium.common.exceptions.TimeoutException: Message: \nStacktrace:\n#0 0x5588a10a5243 <unknown>\n#1 0x5588a0e697a6 <unknown>\n#2 0x5588a0ea664d <unknown>\n#3 0x5588a0ea6761 <unknown>\n#4 0x5588a0ee1da4 <unknown>\n#5 0x5588a0ec70ad <unknown>\n#6 0x5588a0edf932 <unknown>\n#7 0x5588a0ec6e53 <unknown>\n#8 0x5588a0e999ea <unknown>\n#9 0x5588a0e9ab2e <unknown>\n#10 0x5588a10f9d5e <unknown>\n#11 0x5588a10fda80 <unknown>\n#12 0x5588a10df8b0 <unknown>\n#13 0x5588a10feb63 <unknown>\n#14 0x5588a10d0f75 <unknown>\n#15 0x5588a1121998 <unknown>\n#16 0x5588a1121b27 <unknown>\n#17 0x5588a113cc23 <unknown>\n#18 0x7fee9abfcb43 <unknown>","statusTrace":"self = <test_conduit_vizsgaremek.TestConduit object at 0x7f72c8bab100>\n\n    def test_log_out(self):\n        login(self.browser, user[\"email\"], user[\"password\"])\n    \n>       log_out_button = WebDriverWait(self.browser, 5).until(EC.presence_of_element_located((By.XPATH, '//a[@active-class=\"active\"]')))\n\ntest_conduit_vizsgaremek/test_conduit_vizsgaremek.py:313: \n_ _ _ _ _ _ _ _ _ _ _ _ _ _ _ _ _ _ _ _ _ _ _ _ _ _ _ _ _ _ _ _ _ _ _ _ _ _ _ _ \n\nself = <selenium.webdriver.support.wait.WebDriverWait (session=\"d363009a8f30d3b658cf1e7115a36f28\")>\nmethod = <function presence_of_element_located.<locals>._predicate at 0x7f72c8b08b80>\nmessage = ''\n\n    def until(self, method, message: str = \"\"):\n        \"\"\"Calls the method provided with the driver as an argument until the \\\n        return value does not evaluate to ``False``.\n    \n        :param method: callable(WebDriver)\n        :param message: optional message for :exc:`TimeoutException`\n        :returns: the result of the last call to `method`\n        :raises: :exc:`selenium.common.exceptions.TimeoutException` if timeout occurs\n        \"\"\"\n        screen = None\n        stacktrace = None\n    \n        end_time = time.monotonic() + self._timeout\n        while True:\n            try:\n                value = method(self._driver)\n                if value:\n                    return value\n            except self._ignored_exceptions as exc:\n                screen = getattr(exc, \"screen\", None)\n                stacktrace = getattr(exc, \"stacktrace\", None)\n            time.sleep(self._poll)\n            if time.monotonic() > end_time:\n                break\n>       raise TimeoutException(message, screen, stacktrace)\nE       selenium.common.exceptions.TimeoutException: Message: \nE       Stacktrace:\nE       #0 0x5588a10a5243 <unknown>\nE       #1 0x5588a0e697a6 <unknown>\nE       #2 0x5588a0ea664d <unknown>\nE       #3 0x5588a0ea6761 <unknown>\nE       #4 0x5588a0ee1da4 <unknown>\nE       #5 0x5588a0ec70ad <unknown>\nE       #6 0x5588a0edf932 <unknown>\nE       #7 0x5588a0ec6e53 <unknown>\nE       #8 0x5588a0e999ea <unknown>\nE       #9 0x5588a0e9ab2e <unknown>\nE       #10 0x5588a10f9d5e <unknown>\nE       #11 0x5588a10fda80 <unknown>\nE       #12 0x5588a10df8b0 <unknown>\nE       #13 0x5588a10feb63 <unknown>\nE       #14 0x5588a10d0f75 <unknown>\nE       #15 0x5588a1121998 <unknown>\nE       #16 0x5588a1121b27 <unknown>\nE       #17 0x5588a113cc23 <unknown>\nE       #18 0x7fee9abfcb43 <unknown>\n\n/opt/hostedtoolcache/Python/3.10.10/x64/lib/python3.10/site-packages/selenium/webdriver/support/wait.py:95: TimeoutException","flaky":false,"newFailed":false,"newBroken":false,"newPassed":false,"retriesCount":0,"retriesStatusChange":false,"beforeStages":[{"name":"_xunit_setup_method_fixture_TestConduit","time":{"start":1680185711757,"stop":1680185713063,"duration":1306},"status":"passed","steps":[],"attachments":[],"parameters":[],"stepsCount":0,"attachmentsCount":0,"shouldDisplayMessage":false,"hasContent":false}],"afterStages":[{"name":"_xunit_setup_method_fixture_TestConduit::0","time":{"start":1680185718400,"stop":1680185718456,"duration":56},"status":"passed","steps":[],"attachments":[],"parameters":[],"stepsCount":0,"attachmentsCount":0,"shouldDisplayMessage":false,"hasContent":false}],"labels":[{"name":"parentSuite","value":"test_conduit_vizsgaremek"},{"name":"suite","value":"test_conduit_vizsgaremek"},{"name":"subSuite","value":"TestConduit"},{"name":"host","value":"fv-az587-780"},{"name":"thread","value":"3086-MainThread"},{"name":"framework","value":"pytest"},{"name":"language","value":"cpython3"},{"name":"package","value":"test_conduit_vizsgaremek.test_conduit_vizsgaremek"},{"name":"resultFormat","value":"allure2"}],"parameters":[],"links":[],"hidden":false,"retry":false,"extra":{"severity":"normal","retries":[],"categories":[{"name":"Test defects","matchedStatuses":[],"flaky":false}],"tags":[]},"source":"ebbca0767dbd7673.json","parameterValues":[]}