{"uid":"170a7bee10b9b68a","name":"test_tags","fullName":"test_conduit_vizsgaremek.test_conduit_vizsgaremek.TestConduit#test_tags","historyId":"7b0b163c87c9b821a4b871d5cbfe2b88","time":{"start":1680189147468,"stop":1680189152828,"duration":5360},"status":"broken","statusMessage":"selenium.common.exceptions.TimeoutException: Message: \nStacktrace:\n#0 0x5563e02f5243 <unknown>\n#1 0x5563e00b97a6 <unknown>\n#2 0x5563e00f664d <unknown>\n#3 0x5563e00f6761 <unknown>\n#4 0x5563e0131da4 <unknown>\n#5 0x5563e01170ad <unknown>\n#6 0x5563e012f932 <unknown>\n#7 0x5563e0116e53 <unknown>\n#8 0x5563e00e99ea <unknown>\n#9 0x5563e00eab2e <unknown>\n#10 0x5563e0349d5e <unknown>\n#11 0x5563e034da80 <unknown>\n#12 0x5563e032f8b0 <unknown>\n#13 0x5563e034eb63 <unknown>\n#14 0x5563e0320f75 <unknown>\n#15 0x5563e0371998 <unknown>\n#16 0x5563e0371b27 <unknown>\n#17 0x5563e038cc23 <unknown>\n#18 0x7f43ca4d6b43 <unknown>","statusTrace":"self = <test_conduit_vizsgaremek.TestConduit object at 0x7fc1ad3f0580>\n\n    def test_tags(self):\n        login(self.browser, user[\"email\"], user[\"password\"])\n    \n>       dolor_tag = WebDriverWait(self.browser, 5).until(EC.presence_of_element_located((By.XPATH, '//div[@class=\"sidebar\"]/div[@class=\"tag-list\"]/a[@href=\"#/tag/dolor\"]')))\n\ntest_conduit_vizsgaremek/test_conduit_vizsgaremek.py:170: \n_ _ _ _ _ _ _ _ _ _ _ _ _ _ _ _ _ _ _ _ _ _ _ _ _ _ _ _ _ _ _ _ _ _ _ _ _ _ _ _ \n\nself = <selenium.webdriver.support.wait.WebDriverWait (session=\"54ba72b24ff11f915b92b3ba3291e911\")>\nmethod = <function presence_of_element_located.<locals>._predicate at 0x7fc1ad4a7ac0>\nmessage = ''\n\n    def until(self, method, message: str = \"\"):\n        \"\"\"Calls the method provided with the driver as an argument until the \\\n        return value does not evaluate to ``False``.\n    \n        :param method: callable(WebDriver)\n        :param message: optional message for :exc:`TimeoutException`\n        :returns: the result of the last call to `method`\n        :raises: :exc:`selenium.common.exceptions.TimeoutException` if timeout occurs\n        \"\"\"\n        screen = None\n        stacktrace = None\n    \n        end_time = time.monotonic() + self._timeout\n        while True:\n            try:\n                value = method(self._driver)\n                if value:\n                    return value\n            except self._ignored_exceptions as exc:\n                screen = getattr(exc, \"screen\", None)\n                stacktrace = getattr(exc, \"stacktrace\", None)\n            time.sleep(self._poll)\n            if time.monotonic() > end_time:\n                break\n>       raise TimeoutException(message, screen, stacktrace)\nE       selenium.common.exceptions.TimeoutException: Message: \nE       Stacktrace:\nE       #0 0x5563e02f5243 <unknown>\nE       #1 0x5563e00b97a6 <unknown>\nE       #2 0x5563e00f664d <unknown>\nE       #3 0x5563e00f6761 <unknown>\nE       #4 0x5563e0131da4 <unknown>\nE       #5 0x5563e01170ad <unknown>\nE       #6 0x5563e012f932 <unknown>\nE       #7 0x5563e0116e53 <unknown>\nE       #8 0x5563e00e99ea <unknown>\nE       #9 0x5563e00eab2e <unknown>\nE       #10 0x5563e0349d5e <unknown>\nE       #11 0x5563e034da80 <unknown>\nE       #12 0x5563e032f8b0 <unknown>\nE       #13 0x5563e034eb63 <unknown>\nE       #14 0x5563e0320f75 <unknown>\nE       #15 0x5563e0371998 <unknown>\nE       #16 0x5563e0371b27 <unknown>\nE       #17 0x5563e038cc23 <unknown>\nE       #18 0x7f43ca4d6b43 <unknown>\n\n/opt/hostedtoolcache/Python/3.10.10/x64/lib/python3.10/site-packages/selenium/webdriver/support/wait.py:95: TimeoutException","flaky":false,"newFailed":false,"newBroken":false,"newPassed":false,"retriesCount":0,"retriesStatusChange":false,"beforeStages":[{"name":"_xunit_setup_method_fixture_TestConduit","time":{"start":1680189146286,"stop":1680189147468,"duration":1182},"status":"passed","steps":[],"attachments":[],"parameters":[],"stepsCount":0,"attachmentsCount":0,"shouldDisplayMessage":false,"hasContent":false}],"afterStages":[{"name":"_xunit_setup_method_fixture_TestConduit::0","time":{"start":1680189152839,"stop":1680189152896,"duration":57},"status":"passed","steps":[],"attachments":[],"parameters":[],"stepsCount":0,"attachmentsCount":0,"shouldDisplayMessage":false,"hasContent":false}],"labels":[{"name":"parentSuite","value":"test_conduit_vizsgaremek"},{"name":"suite","value":"test_conduit_vizsgaremek"},{"name":"subSuite","value":"TestConduit"},{"name":"host","value":"fv-az361-237"},{"name":"thread","value":"3134-MainThread"},{"name":"framework","value":"pytest"},{"name":"language","value":"cpython3"},{"name":"package","value":"test_conduit_vizsgaremek.test_conduit_vizsgaremek"},{"name":"resultFormat","value":"allure2"}],"parameters":[],"links":[],"hidden":false,"retry":false,"extra":{"severity":"normal","retries":[],"categories":[{"name":"Test defects","matchedStatuses":[],"flaky":false}],"tags":[]},"source":"170a7bee10b9b68a.json","parameterValues":[]}