{"uid":"69fc4ca22ec823","name":"test_article_create1","fullName":"test_conduit_vizsgaremek.test_conduit_vizsgaremek.TestConduit#test_article_create1","historyId":"c2a19226817ae2ba0db2c5c993138be5","time":{"start":1680187229784,"stop":1680187235118,"duration":5334},"status":"broken","statusMessage":"selenium.common.exceptions.TimeoutException: Message: \nStacktrace:\n#0 0x563c47af8243 <unknown>\n#1 0x563c478bc7a6 <unknown>\n#2 0x563c478f964d <unknown>\n#3 0x563c478f9761 <unknown>\n#4 0x563c47934da4 <unknown>\n#5 0x563c4791a0ad <unknown>\n#6 0x563c47932932 <unknown>\n#7 0x563c47919e53 <unknown>\n#8 0x563c478ec9ea <unknown>\n#9 0x563c478edb2e <unknown>\n#10 0x563c47b4cd5e <unknown>\n#11 0x563c47b50a80 <unknown>\n#12 0x563c47b328b0 <unknown>\n#13 0x563c47b51b63 <unknown>\n#14 0x563c47b23f75 <unknown>\n#15 0x563c47b74998 <unknown>\n#16 0x563c47b74b27 <unknown>\n#17 0x563c47b8fc23 <unknown>\n#18 0x7fd917f59b43 <unknown>","statusTrace":"self = <test_conduit_vizsgaremek.TestConduit object at 0x7f279aa83a30>\n\n    def test_article_create1(self):\n        login(self.browser, user[\"email\"], user[\"password\"])\n    \n>       new_article_link = WebDriverWait(self.browser, 5).until(EC.presence_of_element_located((By.XPATH, '//a[@href=\"#/editor\"]')))\n\ntest_conduit_vizsgaremek/test_conduit_vizsgaremek.py:181: \n_ _ _ _ _ _ _ _ _ _ _ _ _ _ _ _ _ _ _ _ _ _ _ _ _ _ _ _ _ _ _ _ _ _ _ _ _ _ _ _ \n\nself = <selenium.webdriver.support.wait.WebDriverWait (session=\"0da5f4297a39c4ab2340788c0ed22461\")>\nmethod = <function presence_of_element_located.<locals>._predicate at 0x7f279a9b7640>\nmessage = ''\n\n    def until(self, method, message: str = \"\"):\n        \"\"\"Calls the method provided with the driver as an argument until the \\\n        return value does not evaluate to ``False``.\n    \n        :param method: callable(WebDriver)\n        :param message: optional message for :exc:`TimeoutException`\n        :returns: the result of the last call to `method`\n        :raises: :exc:`selenium.common.exceptions.TimeoutException` if timeout occurs\n        \"\"\"\n        screen = None\n        stacktrace = None\n    \n        end_time = time.monotonic() + self._timeout\n        while True:\n            try:\n                value = method(self._driver)\n                if value:\n                    return value\n            except self._ignored_exceptions as exc:\n                screen = getattr(exc, \"screen\", None)\n                stacktrace = getattr(exc, \"stacktrace\", None)\n            time.sleep(self._poll)\n            if time.monotonic() > end_time:\n                break\n>       raise TimeoutException(message, screen, stacktrace)\nE       selenium.common.exceptions.TimeoutException: Message: \nE       Stacktrace:\nE       #0 0x563c47af8243 <unknown>\nE       #1 0x563c478bc7a6 <unknown>\nE       #2 0x563c478f964d <unknown>\nE       #3 0x563c478f9761 <unknown>\nE       #4 0x563c47934da4 <unknown>\nE       #5 0x563c4791a0ad <unknown>\nE       #6 0x563c47932932 <unknown>\nE       #7 0x563c47919e53 <unknown>\nE       #8 0x563c478ec9ea <unknown>\nE       #9 0x563c478edb2e <unknown>\nE       #10 0x563c47b4cd5e <unknown>\nE       #11 0x563c47b50a80 <unknown>\nE       #12 0x563c47b328b0 <unknown>\nE       #13 0x563c47b51b63 <unknown>\nE       #14 0x563c47b23f75 <unknown>\nE       #15 0x563c47b74998 <unknown>\nE       #16 0x563c47b74b27 <unknown>\nE       #17 0x563c47b8fc23 <unknown>\nE       #18 0x7fd917f59b43 <unknown>\n\n/opt/hostedtoolcache/Python/3.10.10/x64/lib/python3.10/site-packages/selenium/webdriver/support/wait.py:95: TimeoutException","flaky":false,"newFailed":false,"newBroken":false,"newPassed":false,"retriesCount":0,"retriesStatusChange":false,"beforeStages":[{"name":"_xunit_setup_method_fixture_TestConduit","time":{"start":1680187228588,"stop":1680187229784,"duration":1196},"status":"passed","steps":[],"attachments":[],"parameters":[],"stepsCount":0,"attachmentsCount":0,"shouldDisplayMessage":false,"hasContent":false}],"afterStages":[{"name":"_xunit_setup_method_fixture_TestConduit::0","time":{"start":1680187235129,"stop":1680187235184,"duration":55},"status":"passed","steps":[],"attachments":[],"parameters":[],"stepsCount":0,"attachmentsCount":0,"shouldDisplayMessage":false,"hasContent":false}],"labels":[{"name":"parentSuite","value":"test_conduit_vizsgaremek"},{"name":"suite","value":"test_conduit_vizsgaremek"},{"name":"subSuite","value":"TestConduit"},{"name":"host","value":"fv-az1125-590"},{"name":"thread","value":"3128-MainThread"},{"name":"framework","value":"pytest"},{"name":"language","value":"cpython3"},{"name":"package","value":"test_conduit_vizsgaremek.test_conduit_vizsgaremek"},{"name":"resultFormat","value":"allure2"}],"parameters":[],"links":[],"hidden":false,"retry":false,"extra":{"severity":"normal","retries":[],"categories":[{"name":"Test defects","matchedStatuses":[],"flaky":false}],"tags":[]},"source":"69fc4ca22ec823.json","parameterValues":[]}